2023-02-11 10:56:53 status unpacked gedit-plugin-character-map:amd64 3.38.1-1
2023-02-11 10:56:53 status half-configured gedit-plugin-character-map:amd64 3.38.1-1
2023-02-11 10:56:53 status installed gedit-plugin-character-map:amd64 3.38.1-1
2023-02-11 10:56:53 configure gnupg:all 2.2.27-2+deb11u2 <none>
2023-02-11 10:56:53 status unpacked gnupg:all 2.2.27-2+deb11u2
2023-02-11 10:56:53 status half-configured gnupg:all 2.2.27-2+deb11u2
2023-02-11 10:56:53 status installed gnupg:all 2.2.27-2+deb11u2
2023-02-11 10:56:53 configure libcheese8:amd64 3.38.0-3 <none>
2023-02-11 10:56:53 status unpacked libcheese8:amd64 3.38.0-3
2023-02-11 10:56:53 status half-configured libcheese8:amd64 3.38.0-3
2023-02-11 10:56:53 status installed libcheese8:amd64 3.38.0-3
2023-02-11 10:56:53 configure gedit-plugin-color-schemer:amd64 3.38.1-1 <none>
2023-02-11 10:56:53 status unpacked gedit-plugin-color-schemer:amd64 3.38.1-1
2023-02-11 10:56:53 status half-configured gedit-plugin-color-schemer:amd64 3.38.1-1
2023-02-11 10:56:53 status installed gedit-plugin-color-schemer:amd64 3.38.1-1
2023-02-11 10:56:53 configure libvolume-key1:amd64 0.3.12-3.1+b1 <none>
2023-02-11 10:56:53 status unpacked libvolume-key1:amd64 0.3.12-3.1+b1
2023-02-11 10:56:53 status half-configured libvolume-key1:amd64 0.3.12-3.1+b1
2023-02-11 10:56:53 status installed libvolume-key1:amd64 0.3.12-3.1+b1
2023-02-11 10:56:53 configure gedit-plugin-session-saver:amd64 3.38.1-1 <none>
2023-02-11 10:56:53 status unpacked gedit-plugin-session-saver:amd64 3.38.1-1
2023-02-11 10:56:53 status half-configured gedit-plugin-session-saver:amd64 3.38.1-1
2023-02-11 10:56:53 status installed gedit-plugin-session-saver:amd64 3.38.1-1
2023-02-11 10:56:53 configure gedit-plugin-code-comment:amd64 3.38.1-1 <none>
2023-02-11 10:56:53 status unpacked gedit-plugin-code-comment:amd64 3.38.1-1
2023-02-11 10:56:53 status half-configured gedit-plugin-code-comment:amd64 3.38.1-1
2023-02-11 10:56:53 status installed gedit-plugin-code-comment:amd64 3.38.1-1
2023-02-11 10:56:53 configure libebook-1.2-20:amd64 3.38.3-1+deb11u2 <none>
2023-02-11 10:56:53 status unpacked libebook-1.2-20:amd64 3.38.3-1+deb11u2
2023-02-11 10:56:53 status half-configured libebook-1.2-20:amd64 3.38.3-1+deb11u2
2023-02-11 10:56:53 status installed libebook-1.2-20:amd64 3.38.3-1+deb11u2
2023-02-11 10:56:53 configure gedit-plugin-smart-spaces:amd64 3.38.1-1 <none>
2023-02-11 10:56:53 status unpacked gedit-plugin-smart-spaces:amd64 3.38.1-1
2023-02-11 10:56:53 status half-configured gedit-plugin-smart-spaces:amd64 3.38.1-1
2023-02-11 10:56:54 status installed gedit-plugin-smart-spaces:amd64 3.38.1-1
2023-02-11 10:56:54 configure gedit-plugin-join-lines:amd64 3.38.1-1 <none>
2023-02-11 10:56:54 status unpacked gedit-plugin-join-lines:amd64 3.38.1-1
2023-02-11 10:56:54 status half-configured gedit-plugin-join-lines:amd64 3.38.1-1
2023-02-11 10:56:54 status installed gedit-plugin-join-lines:amd64 3.38.1-1
2023-02-11 10:56:54 configure libblockdev-crypto2:amd64 2.25-2 <none>
2023-02-11 10:56:54 status unpacked libblockdev-crypto2:amd64 2.25-2
2023-02-11 10:56:54 status half-configured libblockdev-crypto2:amd64 2.25-2
2023-02-11 10:56:54 status installed libblockdev-crypto2:amd64 2.25-2
2023-02-11 10:56:54 configure gnome-maps:amd64 3.38.6-0+deb11u1 <none>
2023-02-11 10:56:54 status unpacked gnome-maps:amd64 3.38.6-0+deb11u1
2023-02-11 10:56:54 status half-configured gnome-maps:amd64 3.38.6-0+deb11u1
2023-02-11 10:56:54 status installed gnome-maps:amd64 3.38.6-0+deb11u1
2023-02-11 10:56:54 configure rygel-playbin:amd64 0.40.0-1 <none>
2023-02-11 10:56:54 status unpacked rygel-playbin:amd64 0.40.0-1
2023-02-11 10:56:54 status half-configured rygel-playbin:amd64 0.40.0-1
2023-02-11 10:56:54 status installed rygel-playbin:amd64 0.40.0-1
2023-02-11 10:56:54 configure gedit-plugin-synctex:amd64 3.38.1-1 <none>
2023-02-11 10:56:54 status unpacked gedit-plugin-synctex:amd64 3.38.1-1
2023-02-11 10:56:54 status half-configured gedit-plugin-synctex:amd64 3.38.1-1
2023-02-11 10:56:54 status installed gedit-plugin-synctex:amd64 3.38.1-1
2023-02-11 10:56:54 configure libevolution:amd64 3.38.3-1+deb11u1 <none>
2023-02-11 10:56:54 status unpacked libevolution:amd64 3.38.3-1+deb11u1
2023-02-11 10:56:54 status half-configured libevolution:amd64 3.38.3-1+deb11u1
2023-02-11 10:56:54 status installed libevolution:amd64 3.38.3-1+deb11u1
2023-02-11 10:56:54 configure evolution-data-server:amd64 3.38.3-1+deb11u2 <none>
2023-02-11 10:56:54 status unpacked evolution-data-server:amd64 3.38.3-1+deb11u2
2023-02-11 10:56:54 status half-configured evolution-data-server:amd64 3.38.3-1+deb11u2
2023-02-11 10:56:54 status installed evolution-data-server:amd64 3.38.3-1+deb11u2
2023-02-11 10:56:54 configure gedit-plugins:all 3.38.1-1 <none>
2023-02-11 10:56:54 status unpacked gedit-plugins:all 3.38.1-1
2023-02-11 10:56:54 status half-configured gedit-plugins:all 3.38.1-1
2023-02-11 10:56:54 status installed gedit-plugins:all 3.38.1-1
2023-02-11 10:56:54 configure evolution:amd64 3.38.3-1+deb11u1 <none>
2023-02-11 10:56:54 status unpacked evolution:amd64 3.38.3-1+deb11u1
2023-02-11 10:56:54 status half-configured evolution:amd64 3.38.3-1+deb11u1
2023-02-11 10:56:54 status installed evolution:amd64 3.38.3-1+deb11u1
2023-02-11 10:56:54 configure gnome-user-docs:all 3.38.2-1 <none>
2023-02-11 10:56:54 status unpacked gnome-user-docs:all 3.38.2-1
2023-02-11 10:56:54 status half-configured gnome-user-docs:all 3.38.2-1
2023-02-11 10:56:54 status installed gnome-user-docs:all 3.38.2-1
2023-02-11 10:56:54 configure evolution-plugins:amd64 3.38.3-1+deb11u1 <none>
2023-02-11 10:56:54 status unpacked evolution-plugins:amd64 3.38.3-1+deb11u1
2023-02-11 10:56:54 status half-configured evolution-plugins:amd64 3.38.3-1+deb11u1
2023-02-11 10:56:54 status installed evolution-plugins:amd64 3.38.3-1+deb11u1
2023-02-11 10:56:54 configure totem:amd64 3.38.0-2 <none>
2023-02-11 10:56:54 status unpacked totem:amd64 3.38.0-2
2023-02-11 10:56:54 status half-configured totem:amd64 3.38.0-2
2023-02-11 10:56:54 status installed totem:amd64 3.38.0-2
2023-02-11 10:56:54 configure evolution-plugin-bogofilter:amd64 3.38.3-1+deb11u1 <none>
2023-02-11 10:56:54 status unpacked evolution-plugin-bogofilter:amd64 3.38.3-1+deb11u1
2023-02-11 10:56:54 status half-configured evolution-plugin-bogofilter:amd64 3.38.3-1+deb11u1
2023-02-11 10:56:54 status installed evolution-plugin-bogofilter:amd64 3.38.3-1+deb11u1
2023-02-11 10:56:54 configure seahorse:amd64 3.38.0.1-2 <none>
2023-02-11 10:56:54 status unpacked seahorse:amd64 3.38.0.1-2
2023-02-11 10:56:54 status half-configured seahorse:amd64 3.38.0.1-2
2023-02-11 10:56:54 status installed seahorse:amd64 3.38.0.1-2
2023-02-11 10:56:54 configure gnome-getting-started-docs:all 3.38.0-1 <none>
2023-02-11 10:56:54 status unpacked gnome-getting-started-docs:all 3.38.0-1
2023-02-11 10:56:54 status half-configured gnome-getting-started-docs:all 3.38.0-1
2023-02-11 10:56:54 status installed gnome-getting-started-docs:all 3.38.0-1
2023-02-11 10:56:54 configure libcheese-gtk25:amd64 3.38.0-3 <none>
2023-02-11 10:56:54 status unpacked libcheese-gtk25:amd64 3.38.0-3
2023-02-11 10:56:54 status half-configured libcheese-gtk25:amd64 3.38.0-3
2023-02-11 10:56:54 status installed libcheese-gtk25:amd64 3.38.0-3
2023-02-11 10:56:54 configure gnome-shell:amd64 3.38.6-1~deb11u1 <none>
2023-02-11 10:56:54 status unpacked gnome-shell:amd64 3.38.6-1~deb11u1
2023-02-11 10:56:54 status half-configured gnome-shell:amd64 3.38.6-1~deb11u1
2023-02-11 10:56:54 status installed gnome-shell:amd64 3.38.6-1~deb11u1
2023-02-11 10:56:54 configure gdm3:amd64 3.38.2.1-1 <none>
2023-02-11 10:56:54 status unpacked gdm3:amd64 3.38.2.1-1
2023-02-11 10:56:55 status half-configured gdm3:amd64 3.38.2.1-1
2023-02-11 10:56:55 status installed gdm3:amd64 3.38.2.1-1
2023-02-11 10:56:55 configure gnome-todo:amd64 3.28.1-6 <none>
2023-02-11 10:56:55 status unpacked gnome-todo:amd64 3.28.1-6
2023-02-11 10:56:55 status half-configured gnome-todo:amd64 3.28.1-6
2023-02-11 10:56:55 status installed gnome-todo:amd64 3.28.1-6
2023-02-11 10:56:55 configure evolution-plugin-pstimport:amd64 3.38.3-1+deb11u1 <none>
2023-02-11 10:56:55 status unpacked evolution-plugin-pstimport:amd64 3.38.3-1+deb11u1
2023-02-11 10:56:55 status half-configured evolution-plugin-pstimport:amd64 3.38.3-1+deb11u1
2023-02-11 10:56:55 status installed evolution-plugin-pstimport:amd64 3.38.3-1+deb11u1
2023-02-11 10:56:55 configure gnome-shell-extension-prefs:amd64 3.38.6-1~deb11u1 <none>
2023-02-11 10:56:55 status unpacked gnome-shell-extension-prefs:amd64 3.38.6-1~deb11u1
2023-02-11 10:56:55 status half-configured gnome-shell-extension-prefs:amd64 3.38.6-1~deb11u1
2023-02-11 10:56:55 status installed gnome-shell-extension-prefs:amd64 3.38.6-1~deb11u1
2023-02-11 10:56:55 configure gnome-session:all 3.38.0-4 <none>
2023-02-11 10:56:55 status unpacked gnome-session:all 3.38.0-4
2023-02-11 10:56:55 status half-configured gnome-session:all 3.38.0-4
2023-02-11 10:56:55 status installed gnome-session:all 3.38.0-4
2023-02-11 10:56:55 configure cheese:amd64 3.38.0-3 <none>
2023-02-11 10:56:55 status unpacked cheese:amd64 3.38.0-3
2023-02-11 10:56:55 status half-configured cheese:amd64 3.38.0-3
2023-02-11 10:56:55 status installed cheese:amd64 3.38.0-3
2023-02-11 10:56:55 configure libfolks-eds25:amd64 0.14.0-1+b1 <none>
2023-02-11 10:56:55 status unpacked libfolks-eds25:amd64 0.14.0-1+b1
2023-02-11 10:56:55 status half-configured libfolks-eds25:amd64 0.14.0-1+b1
2023-02-11 10:56:55 status installed libfolks-eds25:amd64 0.14.0-1+b1
2023-02-11 10:56:55 configure gnome-control-center:amd64 1:3.38.4-1 <none>
2023-02-11 10:56:55 status unpacked gnome-control-center:amd64 1:3.38.4-1
2023-02-11 10:56:55 status half-configured gnome-control-center:amd64 1:3.38.4-1
2023-02-11 10:56:55 status installed gnome-control-center:amd64 1:3.38.4-1
2023-02-11 10:56:55 configure network-manager-gnome:amd64 1.20.0-3 <none>
2023-02-11 10:56:55 status unpacked network-manager-gnome:amd64 1.20.0-3
2023-02-11 10:56:55 status half-configured network-manager-gnome:amd64 1.20.0-3
2023-02-11 10:56:55 status installed network-manager-gnome:amd64 1.20.0-3
2023-02-11 10:56:55 configure totem-plugins:amd64 3.38.0-2 <none>
2023-02-11 10:56:55 status unpacked totem-plugins:amd64 3.38.0-2
2023-02-11 10:56:55 status half-configured totem-plugins:amd64 3.38.0-2
2023-02-11 10:56:55 status installed totem-plugins:amd64 3.38.0-2
2023-02-11 10:56:55 configure gnome-shell-extensions:all 3.38.2-1 <none>
2023-02-11 10:56:55 status unpacked gnome-shell-extensions:all 3.38.2-1
2023-02-11 10:56:55 status half-configured gnome-shell-extensions:all 3.38.2-1
2023-02-11 10:56:55 status installed gnome-shell-extensions:all 3.38.2-1
2023-02-11 10:56:55 configure chrome-gnome-shell:all 10.1-5 <none>
2023-02-11 10:56:55 status unpacked chrome-gnome-shell:all 10.1-5
2023-02-11 10:56:55 status half-configured chrome-gnome-shell:all 10.1-5
2023-02-11 10:56:55 status installed chrome-gnome-shell:all 10.1-5
2023-02-11 10:56:55 configure gnome-contacts:amd64 3.38.1-1+b1 <none>
2023-02-11 10:56:55 status unpacked gnome-contacts:amd64 3.38.1-1+b1
2023-02-11 10:56:55 status half-configured gnome-contacts:amd64 3.38.1-1+b1
2023-02-11 10:56:55 status installed gnome-contacts:amd64 3.38.1-1+b1
2023-02-11 10:56:55 configure gnome-tweaks:all 3.34.0-4 <none>
2023-02-11 10:56:55 status unpacked gnome-tweaks:all 3.34.0-4
2023-02-11 10:56:55 status half-configured gnome-tweaks:all 3.34.0-4
2023-02-11 10:56:56 status installed gnome-tweaks:all 3.34.0-4
2023-02-11 10:56:56 configure gnome-remote-desktop:amd64 0.1.9-5 <none>
2023-02-11 10:56:56 status unpacked gnome-remote-desktop:amd64 0.1.9-5
2023-02-11 10:56:56 status half-configured gnome-remote-desktop:amd64 0.1.9-5
2023-02-11 10:56:56 status installed gnome-remote-desktop:amd64 0.1.9-5
2023-02-11 10:56:56 configure gnome-core:amd64 1:3.38+3 <none>
2023-02-11 10:56:56 status unpacked gnome-core:amd64 1:3.38+3
2023-02-11 10:56:56 status half-configured gnome-core:amd64 1:3.38+3
2023-02-11 10:56:56 status installed gnome-core:amd64 1:3.38+3
2023-02-11 10:56:56 configure gnome:amd64 1:3.38+3 <none>
2023-02-11 10:56:56 status unpacked gnome:amd64 1:3.38+3
2023-02-11 10:56:56 status half-configured gnome:amd64 1:3.38+3
2023-02-11 10:56:56 status installed gnome:amd64 1:3.38+3
2023-02-11 10:56:56 configure task-gnome-desktop:all 3.68+deb11u1 <none>
2023-02-11 10:56:56 status unpacked task-gnome-desktop:all 3.68+deb11u1
2023-02-11 10:56:56 status half-configured task-gnome-desktop:all 3.68+deb11u1
2023-02-11 10:56:56 status installed task-gnome-desktop:all 3.68+deb11u1
2023-02-11 10:56:56 configure liblwp-protocol-https-perl:all 6.10-1 <none>
2023-02-11 10:56:56 status unpacked liblwp-protocol-https-perl:all 6.10-1
2023-02-11 10:56:56 status half-configured liblwp-protocol-https-perl:all 6.10-1
2023-02-11 10:56:56 status installed liblwp-protocol-https-perl:all 6.10-1
2023-02-11 10:56:56 configure libwww-perl:all 6.52-1 <none>
2023-02-11 10:56:56 status unpacked libwww-perl:all 6.52-1
2023-02-11 10:56:56 status half-configured libwww-perl:all 6.52-1
2023-02-11 10:56:56 status installed libwww-perl:all 6.52-1
2023-02-11 10:56:56 configure libxml-parser-perl:amd64 2.46-2 <none>
2023-02-11 10:56:56 status unpacked libxml-parser-perl:amd64 2.46-2
2023-02-11 10:56:56 status half-configured libxml-parser-perl:amd64 2.46-2
2023-02-11 10:56:56 status installed libxml-parser-perl:amd64 2.46-2
2023-02-11 10:56:56 configure libxml-twig-perl:all 1:3.52-1 <none>
2023-02-11 10:56:56 status unpacked libxml-twig-perl:all 1:3.52-1
2023-02-11 10:56:56 status half-configured libxml-twig-perl:all 1:3.52-1
2023-02-11 10:56:56 status installed libxml-twig-perl:all 1:3.52-1
2023-02-11 10:56:56 configure libnet-dbus-perl:amd64 1.2.0-1+b1 <none>
2023-02-11 10:56:56 status unpacked libnet-dbus-perl:amd64 1.2.0-1+b1
2023-02-11 10:56:56 status half-configured libnet-dbus-perl:amd64 1.2.0-1+b1
2023-02-11 10:56:56 status installed libnet-dbus-perl:amd64 1.2.0-1+b1
2023-02-11 10:56:56 trigproc udev:amd64 247.3-7+deb11u1 <none>
2023-02-11 10:56:56 status half-configured udev:amd64 247.3-7+deb11u1
2023-02-11 10:56:56 status installed udev:amd64 247.3-7+deb11u1
2023-02-11 10:56:56 trigproc initramfs-tools:all 0.140 <none>
2023-02-11 10:56:56 status half-configured initramfs-tools:all 0.140
2023-02-11 10:57:10 status installed initramfs-tools:all 0.140
2023-02-11 10:57:10 trigproc libc-bin:amd64 2.31-13+deb11u5 <none>
2023-02-11 10:57:10 status half-configured libc-bin:amd64 2.31-13+deb11u5
2023-02-11 10:57:10 status installed libc-bin:amd64 2.31-13+deb11u5
2023-02-11 10:57:10 trigproc sgml-base:all 1.30 <none>
2023-02-11 10:57:10 status half-configured sgml-base:all 1.30
2023-02-11 10:57:10 status installed xml-core:all 0.18+nmu1
2023-02-11 10:57:10 status installed sgml-base:all 1.30
2023-02-11 10:57:11 configure sgml-data:all 2.0.11+nmu1 <none>
2023-02-11 10:57:11 status triggers-pending sgml-base:all 1.30
2023-02-11 10:57:11 status unpacked sgml-data:all 2.0.11+nmu1
2023-02-11 10:57:11 status half-configured sgml-data:all 2.0.11+nmu1
2023-02-11 10:57:11 status triggers-awaited sgml-data:all 2.0.11+nmu1
2023-02-11 10:57:11 trigproc sgml-base:all 1.30 <none>
2023-02-11 10:57:11 status half-configured sgml-base:all 1.30
2023-02-11 10:57:11 status installed sgml-data:all 2.0.11+nmu1
2023-02-11 10:57:11 status installed sgml-base:all 1.30
2023-02-11 10:57:11 configure docbook-xml:all 4.5-9 <none>
2023-02-11 10:57:11 status triggers-pending sgml-base:all 1.30
2023-02-11 10:57:11 status unpacked docbook-xml:all 4.5-9
2023-02-11 10:57:11 status half-configured docbook-xml:all 4.5-9
2023-02-11 10:57:12 status triggers-awaited docbook-xml:all 4.5-9
2023-02-11 10:57:12 trigproc dbus:amd64 1.12.24-0+deb11u1 <none>
2023-02-11 10:57:12 status half-configured dbus:amd64 1.12.24-0+deb11u1
2023-02-11 10:57:12 status installed dbus:amd64 1.12.24-0+deb11u1
2023-02-11 10:57:12 trigproc dictionaries-common:all 1.28.4 <none>
2023-02-11 10:57:12 status half-configured dictionaries-common:all 1.28.4
2023-02-11 10:57:13 status installed dictionaries-common:all 1.28.4
2023-02-11 10:57:13 trigproc ca-certificates:all 20210119 <none>
2023-02-11 10:57:13 status half-configured ca-certificates:all 20210119
2023-02-11 10:57:14 status installed ca-certificates:all 20210119
2023-02-11 10:57:14 trigproc libgdk-pixbuf-2.0-0:amd64 2.42.2+dfsg-1+deb11u1 <none>
2023-02-11 10:57:14 status half-configured libgdk-pixbuf-2.0-0:amd64 2.42.2+dfsg-1+deb11u1
2023-02-11 10:57:14 status installed libgdk-pixbuf-2.0-0:amd64 2.42.2+dfsg-1+deb11u1
2023-02-11 10:57:14 trigproc rygel:amd64 0.40.0-1 <none>
2023-02-11 10:57:14 status half-configured rygel:amd64 0.40.0-1
2023-02-11 10:57:14 status installed rygel:amd64 0.40.0-1
2023-02-11 10:57:14 trigproc sgml-base:all 1.30 <none>
2023-02-11 10:57:14 status half-configured sgml-base:all 1.30
2023-02-11 10:57:14 status installed docbook-xml:all 4.5-9
2023-02-11 10:57:14 status installed sgml-base:all 1.30
2023-02-11 10:57:16 startup archives unpack
2023-02-11 10:57:16 install liburing1:amd64 <none> 0.7-3
2023-02-11 10:57:16 status triggers-pending libc-bin:amd64 2.31-13+deb11u5
2023-02-11 10:57:16 status half-installed liburing1:amd64 0.7-3
2023-02-11 10:57:16 status unpacked liburing1:amd64 0.7-3
2023-02-11 10:57:16 install qemu-guest-agent:amd64 <none> 1:5.2+dfsg-11+deb11u2
2023-02-11 10:57:16 status half-installed qemu-guest-agent:amd64 1:5.2+dfsg-11+deb11u2
2023-02-11 10:57:16 status triggers-pending man-db:amd64 2.9.4-2
2023-02-11 10:57:16 status unpacked qemu-guest-agent:amd64 1:5.2+dfsg-11+deb11u2
2023-02-11 10:57:16 install spice-vdagent:amd64 <none> 0.20.0-2
2023-02-11 10:57:16 status half-installed spice-vdagent:amd64 0.20.0-2
2023-02-11 10:57:16 status unpacked spice-vdagent:amd64 0.20.0-2
2023-02-11 10:57:16 install libavahi-gobject0:amd64 <none> 0.8-5+deb11u1
2023-02-11 10:57:16 status half-installed libavahi-gobject0:amd64 0.8-5+deb11u1
2023-02-11 10:57:16 status unpacked libavahi-gobject0:amd64 0.8-5+deb11u1
2023-02-11 10:57:16 install spice-webdavd:amd64 <none> 2.5-1
2023-02-11 10:57:16 status half-installed spice-webdavd:amd64 2.5-1
2023-02-11 10:57:17 status unpacked spice-webdavd:amd64 2.5-1
2023-02-11 10:57:17 startup packages configure
2023-02-11 10:57:17 configure libavahi-gobject0:amd64 0.8-5+deb11u1 <none>
2023-02-11 10:57:17 status unpacked libavahi-gobject0:amd64 0.8-5+deb11u1
2023-02-11 10:57:17 status half-configured libavahi-gobject0:amd64 0.8-5+deb11u1
2023-02-11 10:57:17 status installed libavahi-gobject0:amd64 0.8-5+deb11u1
2023-02-11 10:57:17 configure spice-vdagent:amd64 0.20.0-2 <none>
2023-02-11 10:57:17 status unpacked spice-vdagent:amd64 0.20.0-2
2023-02-11 10:57:17 status half-configured spice-vdagent:amd64 0.20.0-2
2023-02-11 10:57:17 status installed spice-vdagent:amd64 0.20.0-2
2023-02-11 10:57:17 configure liburing1:amd64 0.7-3 <none>
2023-02-11 10:57:17 status unpacked liburing1:amd64 0.7-3
2023-02-11 10:57:17 status half-configured liburing1:amd64 0.7-3
2023-02-11 10:57:17 status installed liburing1:amd64 0.7-3
2023-02-11 10:57:17 configure spice-webdavd:amd64 2.5-1 <none>
2023-02-11 10:57:17 status unpacked spice-webdavd:amd64 2.5-1
2023-02-11 10:57:17 status half-configured spice-webdavd:amd64 2.5-1
2023-02-11 10:57:17 status installed spice-webdavd:amd64 2.5-1
2023-02-11 10:57:17 configure qemu-guest-agent:amd64 1:5.2+dfsg-11+deb11u2 <none>
2023-02-11 10:57:17 status unpacked qemu-guest-agent:amd64 1:5.2+dfsg-11+deb11u2
2023-02-11 10:57:17 status half-configured qemu-guest-agent:amd64 1:5.2+dfsg-11+deb11u2
2023-02-11 10:57:17 status installed qemu-guest-agent:amd64 1:5.2+dfsg-11+deb11u2
2023-02-11 10:57:17 trigproc libc-bin:amd64 2.31-13+deb11u5 <none>
2023-02-11 10:57:17 status half-configured libc-bin:amd64 2.31-13+deb11u5
2023-02-11 10:57:17 status installed libc-bin:amd64 2.31-13+deb11u5
2023-02-11 10:57:17 trigproc man-db:amd64 2.9.4-2 <none>
2023-02-11 10:57:17 status half-configured man-db:amd64 2.9.4-2
2023-02-11 10:57:17 status installed man-db:amd64 2.9.4-2
2023-02-11 10:57:26 startup archives unpack
2023-02-11 10:57:27 install grub-common:amd64 <none> 2.06-3~deb11u5
2023-02-11 10:57:27 status half-installed grub-common:amd64 2.06-3~deb11u5
2023-02-11 10:57:27 status triggers-pending man-db:amd64 2.9.4-2
2023-02-11 10:57:27 status unpacked grub-common:amd64 2.06-3~deb11u5
2023-02-11 10:57:27 install os-prober:amd64 <none> 1.79
2023-02-11 10:57:27 status half-installed os-prober:amd64 1.79
2023-02-11 10:57:27 status unpacked os-prober:amd64 1.79
2023-02-11 10:57:27 startup packages configure
2023-02-11 10:57:27 configure grub-common:amd64 2.06-3~deb11u5 <none>
2023-02-11 10:57:27 status unpacked grub-common:amd64 2.06-3~deb11u5
2023-02-11 10:57:27 status half-configured grub-common:amd64 2.06-3~deb11u5
2023-02-11 10:57:27 status installed grub-common:amd64 2.06-3~deb11u5
2023-02-11 10:57:27 configure os-prober:amd64 1.79 <none>
2023-02-11 10:57:27 status unpacked os-prober:amd64 1.79
2023-02-11 10:57:27 status half-configured os-prober:amd64 1.79
2023-02-11 10:57:27 status installed os-prober:amd64 1.79
2023-02-11 10:57:27 trigproc man-db:amd64 2.9.4-2 <none>
2023-02-11 10:57:27 status half-configured man-db:amd64 2.9.4-2
2023-02-11 10:57:28 status installed man-db:amd64 2.9.4-2
2023-02-11 10:57:29 startup packages purge
2023-02-11 10:57:30 startup archives unpack
2023-02-11 10:57:31 install efibootmgr:amd64 <none> 17-1
2023-02-11 10:57:31 status half-installed efibootmgr:amd64 17-1
2023-02-11 10:57:31 status triggers-pending man-db:amd64 2.9.4-2
2023-02-11 10:57:31 status unpacked efibootmgr:amd64 17-1
2023-02-11 10:57:31 install grub2-common:amd64 <none> 2.06-3~deb11u5
2023-02-11 10:57:31 status half-installed grub2-common:amd64 2.06-3~deb11u5
2023-02-11 10:57:31 status unpacked grub2-common:amd64 2.06-3~deb11u5
2023-02-11 10:57:31 install grub-efi-amd64-bin:amd64 <none> 2.06-3~deb11u5
2023-02-11 10:57:31 status half-installed grub-efi-amd64-bin:amd64 2.06-3~deb11u5
2023-02-11 10:57:31 status unpacked grub-efi-amd64-bin:amd64 2.06-3~deb11u5
2023-02-11 10:57:31 install grub-efi-amd64:amd64 <none> 2.06-3~deb11u5
2023-02-11 10:57:31 status half-installed grub-efi-amd64:amd64 2.06-3~deb11u5
2023-02-11 10:57:31 status unpacked grub-efi-amd64:amd64 2.06-3~deb11u5
2023-02-11 10:57:31 install grub-efi-amd64-signed:amd64 <none> 1+2.06+3~deb11u5
2023-02-11 10:57:31 status half-installed grub-efi-amd64-signed:amd64 1+2.06+3~deb11u5
2023-02-11 10:57:31 status unpacked grub-efi-amd64-signed:amd64 1+2.06+3~deb11u5
2023-02-11 10:57:31 install mokutil:amd64 <none> 0.6.0-2~deb11u1
2023-02-11 10:57:31 status half-installed mokutil:amd64 0.6.0-2~deb11u1
2023-02-11 10:57:31 status unpacked mokutil:amd64 0.6.0-2~deb11u1
2023-02-11 10:57:32 install shim-unsigned:amd64 <none> 15.4-7
2023-02-11 10:57:32 status half-installed shim-unsigned:amd64 15.4-7
2023-02-11 10:57:32 status unpacked shim-unsigned:amd64 15.4-7
2023-02-11 10:57:32 install shim-helpers-amd64-signed:amd64 <none> 1+15.4+7
2023-02-11 10:57:32 status half-installed shim-helpers-amd64-signed:amd64 1+15.4+7
2023-02-11 10:57:32 status unpacked shim-helpers-amd64-signed:amd64 1+15.4+7
2023-02-11 10:57:32 install shim-signed-common:all <none> 1.38+15.4-7
2023-02-11 10:57:32 status half-installed shim-signed-common:all 1.38+15.4-7
2023-02-11 10:57:32 status unpacked shim-signed-common:all 1.38+15.4-7
2023-02-11 10:57:32 install shim-signed:amd64 <none> 1.38+15.4-7
2023-02-11 10:57:32 status half-installed shim-signed:amd64 1.38+15.4-7
2023-02-11 10:57:32 status unpacked shim-signed:amd64 1.38+15.4-7
2023-02-11 10:57:32 startup packages configure
2023-02-11 10:57:32 configure efibootmgr:amd64 17-1 <none>
2023-02-11 10:57:32 status unpacked efibootmgr:amd64 17-1
2023-02-11 10:57:32 status half-configured efibootmgr:amd64 17-1
2023-02-11 10:57:32 status installed efibootmgr:amd64 17-1
2023-02-11 10:57:32 configure mokutil:amd64 0.6.0-2~deb11u1 <none>
2023-02-11 10:57:32 status unpacked mokutil:amd64 0.6.0-2~deb11u1
2023-02-11 10:57:32 status half-configured mokutil:amd64 0.6.0-2~deb11u1
2023-02-11 10:57:32 status installed mokutil:amd64 0.6.0-2~deb11u1
2023-02-11 10:57:32 configure grub-efi-amd64-signed:amd64 1+2.06+3~deb11u5 <none>
2023-02-11 10:57:32 status unpacked grub-efi-amd64-signed:amd64 1+2.06+3~deb11u5
2023-02-11 10:57:32 status half-configured grub-efi-amd64-signed:amd64 1+2.06+3~deb11u5
2023-02-11 10:57:32 status installed grub-efi-amd64-signed:amd64 1+2.06+3~deb11u5
2023-02-11 10:57:32 configure grub2-common:amd64 2.06-3~deb11u5 <none>
2023-02-11 10:57:32 status unpacked grub2-common:amd64 2.06-3~deb11u5
2023-02-11 10:57:32 status half-configured grub2-common:amd64 2.06-3~deb11u5
2023-02-11 10:57:32 status installed grub2-common:amd64 2.06-3~deb11u5
2023-02-11 10:57:32 configure shim-signed-common:all 1.38+15.4-7 <none>
2023-02-11 10:57:32 status unpacked shim-signed-common:all 1.38+15.4-7
2023-02-11 10:57:32 status half-configured shim-signed-common:all 1.38+15.4-7
2023-02-11 10:57:32 status installed shim-signed-common:all 1.38+15.4-7
2023-02-11 10:57:32 configure grub-efi-amd64-bin:amd64 2.06-3~deb11u5 <none>
2023-02-11 10:57:32 status unpacked grub-efi-amd64-bin:amd64 2.06-3~deb11u5
2023-02-11 10:57:32 status half-configured grub-efi-amd64-bin:amd64 2.06-3~deb11u5
2023-02-11 10:57:32 status installed grub-efi-amd64-bin:amd64 2.06-3~deb11u5
2023-02-11 10:57:32 configure shim-unsigned:amd64 15.4-7 <none>
2023-02-11 10:57:32 status unpacked shim-unsigned:amd64 15.4-7
2023-02-11 10:57:32 status half-configured shim-unsigned:amd64 15.4-7
2023-02-11 10:57:32 status installed shim-unsigned:amd64 15.4-7
2023-02-11 10:57:32 configure grub-efi-amd64:amd64 2.06-3~deb11u5 <none>
2023-02-11 10:57:32 status unpacked grub-efi-amd64:amd64 2.06-3~deb11u5
2023-02-11 10:57:32 status half-configured grub-efi-amd64:amd64 2.06-3~deb11u5
2023-02-11 10:57:33 status installed grub-efi-amd64:amd64 2.06-3~deb11u5
2023-02-11 10:57:33 configure shim-helpers-amd64-signed:amd64 1+15.4+7 <none>
2023-02-11 10:57:33 status unpacked shim-helpers-amd64-signed:amd64 1+15.4+7
2023-02-11 10:57:33 status half-configured shim-helpers-amd64-signed:amd64 1+15.4+7
2023-02-11 10:57:33 status installed shim-helpers-amd64-signed:amd64 1+15.4+7
2023-02-11 10:57:33 configure shim-signed:amd64 1.38+15.4-7 <none>
2023-02-11 10:57:33 status unpacked shim-signed:amd64 1.38+15.4-7
2023-02-11 10:57:33 status half-configured shim-signed:amd64 1.38+15.4-7
2023-02-11 10:57:33 status installed shim-signed:amd64 1.38+15.4-7
2023-02-11 10:57:33 trigproc man-db:amd64 2.9.4-2 <none>
2023-02-11 10:57:33 status half-configured man-db:amd64 2.9.4-2
2023-02-11 10:57:33 status installed man-db:amd64 2.9.4-2
2023-02-11 11:12:45 startup archives unpack
2023-02-11 11:12:45 install vim-runtime:all <none> 2:8.2.2434-3+deb11u1
2023-02-11 11:12:45 status half-installed vim-runtime:all 2:8.2.2434-3+deb11u1
2023-02-11 11:12:45 status triggers-pending man-db:amd64 2.9.4-2
2023-02-11 11:12:46 status unpacked vim-runtime:all 2:8.2.2434-3+deb11u1
2023-02-11 11:12:46 install vim:amd64 <none> 2:8.2.2434-3+deb11u1
2023-02-11 11:12:46 status half-installed vim:amd64 2:8.2.2434-3+deb11u1
2023-02-11 11:12:46 status unpacked vim:amd64 2:8.2.2434-3+deb11u1
2023-02-11 11:12:46 startup packages configure
2023-02-11 11:12:46 configure vim-runtime:all 2:8.2.2434-3+deb11u1 <none>
2023-02-11 11:12:46 status unpacked vim-runtime:all 2:8.2.2434-3+deb11u1
2023-02-11 11:12:46 status half-configured vim-runtime:all 2:8.2.2434-3+deb11u1
2023-02-11 11:12:46 status installed vim-runtime:all 2:8.2.2434-3+deb11u1
2023-02-11 11:12:46 configure vim:amd64 2:8.2.2434-3+deb11u1 <none>
2023-02-11 11:12:46 status unpacked vim:amd64 2:8.2.2434-3+deb11u1
2023-02-11 11:12:46 status half-configured vim:amd64 2:8.2.2434-3+deb11u1
2023-02-11 11:12:46 status installed vim:amd64 2:8.2.2434-3+deb11u1
2023-02-11 11:12:46 trigproc man-db:amd64 2.9.4-2 <none>
2023-02-11 11:12:46 status half-configured man-db:amd64 2.9.4-2
2023-02-11 11:12:47 status installed man-db:amd64 2.9.4-2
2023-02-11 11:13:56 startup archives unpack
2023-02-11 11:13:56 install wget:amd64 <none> 1.21-1+deb11u1
2023-02-11 11:13:56 status half-installed wget:amd64 1.21-1+deb11u1
2023-02-11 11:13:56 status triggers-pending man-db:amd64 2.9.4-2
2023-02-11 11:13:56 status unpacked wget:amd64 1.21-1+deb11u1
2023-02-11 11:13:56 install liberror-perl:all <none> 0.17029-1
2023-02-11 11:13:56 status half-installed liberror-perl:all 0.17029-1
2023-02-11 11:13:56 status unpacked liberror-perl:all 0.17029-1
2023-02-11 11:13:56 install git-man:all <none> 1:2.30.2-1
2023-02-11 11:13:56 status half-installed git-man:all 1:2.30.2-1
2023-02-11 11:13:56 status unpacked git-man:all 1:2.30.2-1
2023-02-11 11:13:57 install git:amd64 <none> 1:2.30.2-1
2023-02-11 11:13:57 status half-installed git:amd64 1:2.30.2-1
2023-02-11 11:13:57 status unpacked git:amd64 1:2.30.2-1
2023-02-11 11:13:57 install libonig5:amd64 <none> 6.9.6-1.1
2023-02-11 11:13:57 status triggers-pending libc-bin:amd64 2.31-13+deb11u5
2023-02-11 11:13:57 status half-installed libonig5:amd64 6.9.6-1.1
2023-02-11 11:13:57 status unpacked libonig5:amd64 6.9.6-1.1
2023-02-11 11:13:57 install libjq1:amd64 <none> 1.6-2.1
2023-02-11 11:13:57 status half-installed libjq1:amd64 1.6-2.1
2023-02-11 11:13:57 status unpacked libjq1:amd64 1.6-2.1
2023-02-11 11:13:58 install jq:amd64 <none> 1.6-2.1
2023-02-11 11:13:58 status half-installed jq:amd64 1.6-2.1
2023-02-11 11:13:58 status unpacked jq:amd64 1.6-2.1
2023-02-11 11:13:58 install patch:amd64 <none> 2.7.6-7
2023-02-11 11:13:58 status half-installed patch:amd64 2.7.6-7
2023-02-11 11:13:58 status unpacked patch:amd64 2.7.6-7
2023-02-11 11:13:58 startup packages configure
2023-02-11 11:13:58 configure wget:amd64 1.21-1+deb11u1 <none>
2023-02-11 11:13:58 status unpacked wget:amd64 1.21-1+deb11u1
2023-02-11 11:13:58 status half-configured wget:amd64 1.21-1+deb11u1
2023-02-11 11:13:58 status installed wget:amd64 1.21-1+deb11u1
2023-02-11 11:13:58 configure liberror-perl:all 0.17029-1 <none>
2023-02-11 11:13:58 status unpacked liberror-perl:all 0.17029-1
2023-02-11 11:13:58 status half-configured liberror-perl:all 0.17029-1
2023-02-11 11:13:58 status installed liberror-perl:all 0.17029-1
2023-02-11 11:13:58 configure patch:amd64 2.7.6-7 <none>
2023-02-11 11:13:58 status unpacked patch:amd64 2.7.6-7
2023-02-11 11:13:58 status half-configured patch:amd64 2.7.6-7
2023-02-11 11:13:58 status installed patch:amd64 2.7.6-7
2023-02-11 11:13:58 configure git-man:all 1:2.30.2-1 <none>
2023-02-11 11:13:58 status unpacked git-man:all 1:2.30.2-1
2023-02-11 11:13:58 status half-configured git-man:all 1:2.30.2-1
2023-02-11 11:13:58 status installed git-man:all 1:2.30.2-1
2023-02-11 11:13:58 configure libonig5:amd64 6.9.6-1.1 <none>
2023-02-11 11:13:58 status unpacked libonig5:amd64 6.9.6-1.1
2023-02-11 11:13:58 status half-configured libonig5:amd64 6.9.6-1.1
2023-02-11 11:13:58 status installed libonig5:amd64 6.9.6-1.1
2023-02-11 11:13:58 configure libjq1:amd64 1.6-2.1 <none>
2023-02-11 11:13:58 status unpacked libjq1:amd64 1.6-2.1
2023-02-11 11:13:58 status half-configured libjq1:amd64 1.6-2.1
2023-02-11 11:13:58 status installed libjq1:amd64 1.6-2.1
2023-02-11 11:13:58 configure git:amd64 1:2.30.2-1 <none>
2023-02-11 11:13:58 status unpacked git:amd64 1:2.30.2-1
2023-02-11 11:13:58 status half-configured git:amd64 1:2.30.2-1
2023-02-11 11:13:58 status installed git:amd64 1:2.30.2-1
2023-02-11 11:13:58 configure jq:amd64 1.6-2.1 <none>
2023-02-11 11:13:58 status unpacked jq:amd64 1.6-2.1
2023-02-11 11:13:58 status half-configured jq:amd64 1.6-2.1
2023-02-11 11:13:58 status installed jq:amd64 1.6-2.1
2023-02-11 11:13:58 trigproc man-db:amd64 2.9.4-2 <none>
2023-02-11 11:13:58 status half-configured man-db:amd64 2.9.4-2
2023-02-11 11:14:00 status installed man-db:amd64 2.9.4-2
2023-02-11 11:14:00 trigproc libc-bin:amd64 2.31-13+deb11u5 <none>
2023-02-11 11:14:00 status half-configured libc-bin:amd64 2.31-13+deb11u5
2023-02-11 11:14:00 status installed libc-bin:amd64 2.31-13+deb11u5
2023-02-11 11:59:14 startup archives unpack
2023-02-11 11:59:14 install code:amd64 <none> 1.75.1-1675893397
2023-02-11 11:59:14 status half-installed code:amd64 1.75.1-1675893397
2023-02-11 11:59:14 status triggers-pending gnome-menus:amd64 3.36.0-1
2023-02-11 11:59:14 status triggers-pending desktop-file-utils:amd64 0.26-1
2023-02-11 11:59:24 status triggers-pending shared-mime-info:amd64 2.0-1
2023-02-11 11:59:24 status unpacked code:amd64 1.75.1-1675893397
2023-02-11 11:59:25 startup packages configure
2023-02-11 11:59:25 configure code:amd64 1.75.1-1675893397 <none>
2023-02-11 11:59:25 status unpacked code:amd64 1.75.1-1675893397
2023-02-11 11:59:25 status half-configured code:amd64 1.75.1-1675893397
2023-02-11 11:59:29 status installed code:amd64 1.75.1-1675893397
2023-02-11 11:59:29 trigproc gnome-menus:amd64 3.36.0-1 <none>
2023-02-11 11:59:29 status half-configured gnome-menus:amd64 3.36.0-1
2023-02-11 11:59:29 status installed gnome-menus:amd64 3.36.0-1
2023-02-11 11:59:29 trigproc shared-mime-info:amd64 2.0-1 <none>
2023-02-11 11:59:29 status half-configured shared-mime-info:amd64 2.0-1
2023-02-11 11:59:34 status installed shared-mime-info:amd64 2.0-1
2023-02-11 11:59:34 trigproc desktop-file-utils:amd64 0.26-1 <none>
2023-02-11 11:59:34 status half-configured desktop-file-utils:amd64 0.26-1
2023-02-11 11:59:34 status installed desktop-file-utils:amd64 0.26-1
2023-02-11 12:06:17 startup archives unpack
2023-02-11 12:06:17 install manpages:all <none> 5.10-1
2023-02-11 12:06:17 status half-installed manpages:all 5.10-1
2023-02-11 12:06:17 status triggers-pending man-db:amd64 2.9.4-2
2023-02-11 12:06:18 status unpacked manpages:all 5.10-1
2023-02-11 12:06:18 install binutils-common:amd64 <none> 2.35.2-2
2023-02-11 12:06:18 status half-installed binutils-common:amd64 2.35.2-2
2023-02-11 12:06:18 status unpacked binutils-common:amd64 2.35.2-2
2023-02-11 12:06:18 install libbinutils:amd64 <none> 2.35.2-2
2023-02-11 12:06:18 status triggers-pending libc-bin:amd64 2.31-13+deb11u5
2023-02-11 12:06:18 status half-installed libbinutils:amd64 2.35.2-2
2023-02-11 12:06:18 status unpacked libbinutils:amd64 2.35.2-2
2023-02-11 12:06:18 install libctf-nobfd0:amd64 <none> 2.35.2-2
2023-02-11 12:06:18 status half-installed libctf-nobfd0:amd64 2.35.2-2
2023-02-11 12:06:18 status unpacked libctf-nobfd0:amd64 2.35.2-2
2023-02-11 12:06:18 install libctf0:amd64 <none> 2.35.2-2
2023-02-11 12:06:18 status half-installed libctf0:amd64 2.35.2-2
2023-02-11 12:06:18 status unpacked libctf0:amd64 2.35.2-2
2023-02-11 12:06:18 install binutils-x86-64-linux-gnu:amd64 <none> 2.35.2-2
2023-02-11 12:06:18 status half-installed binutils-x86-64-linux-gnu:amd64 2.35.2-2
2023-02-11 12:06:19 status unpacked binutils-x86-64-linux-gnu:amd64 2.35.2-2
2023-02-11 12:06:19 install binutils:amd64 <none> 2.35.2-2
2023-02-11 12:06:19 status half-installed binutils:amd64 2.35.2-2
2023-02-11 12:06:19 status unpacked binutils:amd64 2.35.2-2
2023-02-11 12:06:19 install libc-dev-bin:amd64 <none> 2.31-13+deb11u5
2023-02-11 12:06:19 status half-installed libc-dev-bin:amd64 2.31-13+deb11u5
2023-02-11 12:06:19 status unpacked libc-dev-bin:amd64 2.31-13+deb11u5
2023-02-11 12:06:19 install linux-libc-dev:amd64 <none> 5.10.158-2
2023-02-11 12:06:19 status half-installed linux-libc-dev:amd64 5.10.158-2
2023-02-11 12:06:19 status unpacked linux-libc-dev:amd64 5.10.158-2
2023-02-11 12:06:19 install libcrypt-dev:amd64 <none> 1:4.4.18-4
2023-02-11 12:06:19 status half-installed libcrypt-dev:amd64 1:4.4.18-4
2023-02-11 12:06:19 status unpacked libcrypt-dev:amd64 1:4.4.18-4
2023-02-11 12:06:19 install libtirpc-dev:amd64 <none> 1.3.1-1+deb11u1
2023-02-11 12:06:19 status half-installed libtirpc-dev:amd64 1.3.1-1+deb11u1
2023-02-11 12:06:19 status unpacked libtirpc-dev:amd64 1.3.1-1+deb11u1
2023-02-11 12:06:20 install libnsl-dev:amd64 <none> 1.3.0-2
2023-02-11 12:06:20 status half-installed libnsl-dev:amd64 1.3.0-2
2023-02-11 12:06:20 status unpacked libnsl-dev:amd64 1.3.0-2
2023-02-11 12:06:20 install libc6-dev:amd64 <none> 2.31-13+deb11u5
2023-02-11 12:06:20 status half-installed libc6-dev:amd64 2.31-13+deb11u5
2023-02-11 12:06:20 status unpacked libc6-dev:amd64 2.31-13+deb11u5
2023-02-11 12:06:20 install libcc1-0:amd64 <none> 10.2.1-6
2023-02-11 12:06:20 status half-installed libcc1-0:amd64 10.2.1-6
2023-02-11 12:06:20 status unpacked libcc1-0:amd64 10.2.1-6
2023-02-11 12:06:20 install libitm1:amd64 <none> 10.2.1-6
2023-02-11 12:06:20 status half-installed libitm1:amd64 10.2.1-6
2023-02-11 12:06:20 status unpacked libitm1:amd64 10.2.1-6
2023-02-11 12:06:20 install libasan6:amd64 <none> 10.2.1-6
2023-02-11 12:06:20 status half-installed libasan6:amd64 10.2.1-6
2023-02-11 12:06:21 status unpacked libasan6:amd64 10.2.1-6
2023-02-11 12:06:21 install liblsan0:amd64 <none> 10.2.1-6
2023-02-11 12:06:21 status half-installed liblsan0:amd64 10.2.1-6
2023-02-11 12:06:21 status unpacked liblsan0:amd64 10.2.1-6
2023-02-11 12:06:21 install libtsan0:amd64 <none> 10.2.1-6
2023-02-11 12:06:21 status half-installed libtsan0:amd64 10.2.1-6
2023-02-11 12:06:21 status unpacked libtsan0:amd64 10.2.1-6
2023-02-11 12:06:21 install libubsan1:amd64 <none> 10.2.1-6
2023-02-11 12:06:21 status half-installed libubsan1:amd64 10.2.1-6
2023-02-11 12:06:21 status unpacked libubsan1:amd64 10.2.1-6
2023-02-11 12:06:21 install libgcc-10-dev:amd64 <none> 10.2.1-6
2023-02-11 12:06:21 status half-installed libgcc-10-dev:amd64 10.2.1-6
2023-02-11 12:06:22 status unpacked libgcc-10-dev:amd64 10.2.1-6
2023-02-11 12:06:22 install gcc-10:amd64 <none> 10.2.1-6
2023-02-11 12:06:22 status half-installed gcc-10:amd64 10.2.1-6
2023-02-11 12:06:23 status unpacked gcc-10:amd64 10.2.1-6
2023-02-11 12:06:23 install gcc:amd64 <none> 4:10.2.1-1
2023-02-11 12:06:23 status half-installed gcc:amd64 4:10.2.1-1
2023-02-11 12:06:23 status unpacked gcc:amd64 4:10.2.1-1
2023-02-11 12:06:23 install libstdc++-10-dev:amd64 <none> 10.2.1-6
2023-02-11 12:06:23 status half-installed libstdc++-10-dev:amd64 10.2.1-6
2023-02-11 12:06:24 status unpacked libstdc++-10-dev:amd64 10.2.1-6
2023-02-11 12:06:24 install g++-10:amd64 <none> 10.2.1-6
2023-02-11 12:06:24 status half-installed g++-10:amd64 10.2.1-6
2023-02-11 12:06:25 status unpacked g++-10:amd64 10.2.1-6
2023-02-11 12:06:25 install g++:amd64 <none> 4:10.2.1-1
2023-02-11 12:06:25 status half-installed g++:amd64 4:10.2.1-1
2023-02-11 12:06:25 status unpacked g++:amd64 4:10.2.1-1
2023-02-11 12:06:25 install make:amd64 <none> 4.3-4.1
2023-02-11 12:06:25 status half-installed make:amd64 4.3-4.1
2023-02-11 12:06:25 status unpacked make:amd64 4.3-4.1
2023-02-11 12:06:25 install dpkg-dev:all <none> 1.20.12
2023-02-11 12:06:25 status half-installed dpkg-dev:all 1.20.12
2023-02-11 12:06:25 status unpacked dpkg-dev:all 1.20.12
2023-02-11 12:06:25 install build-essential:amd64 <none> 12.9
2023-02-11 12:06:25 status half-installed build-essential:amd64 12.9
2023-02-11 12:06:25 status unpacked build-essential:amd64 12.9
2023-02-11 12:06:25 install libfakeroot:amd64 <none> 1.25.3-1.1
2023-02-11 12:06:25 status half-installed libfakeroot:amd64 1.25.3-1.1
2023-02-11 12:06:25 status unpacked libfakeroot:amd64 1.25.3-1.1
2023-02-11 12:06:25 install fakeroot:amd64 <none> 1.25.3-1.1
2023-02-11 12:06:25 status half-installed fakeroot:amd64 1.25.3-1.1
2023-02-11 12:06:26 status unpacked fakeroot:amd64 1.25.3-1.1
2023-02-11 12:06:26 install libalgorithm-diff-perl:all <none> 1.201-1
2023-02-11 12:06:26 status half-installed libalgorithm-diff-perl:all 1.201-1
2023-02-11 12:06:26 status unpacked libalgorithm-diff-perl:all 1.201-1
2023-02-11 12:06:26 install libalgorithm-diff-xs-perl:amd64 <none> 0.04-6+b1
2023-02-11 12:06:26 status half-installed libalgorithm-diff-xs-perl:amd64 0.04-6+b1
2023-02-11 12:06:26 status unpacked libalgorithm-diff-xs-perl:amd64 0.04-6+b1
2023-02-11 12:06:26 install libalgorithm-merge-perl:all <none> 0.08-3
2023-02-11 12:06:26 status half-installed libalgorithm-merge-perl:all 0.08-3
2023-02-11 12:06:26 status unpacked libalgorithm-merge-perl:all 0.08-3
2023-02-11 12:06:26 install libc-devtools:amd64 <none> 2.31-13+deb11u5
2023-02-11 12:06:26 status half-installed libc-devtools:amd64 2.31-13+deb11u5
2023-02-11 12:06:26 status unpacked libc-devtools:amd64 2.31-13+deb11u5
2023-02-11 12:06:26 install libexpat1-dev:amd64 <none> 2.2.10-2+deb11u5
2023-02-11 12:06:26 status half-installed libexpat1-dev:amd64 2.2.10-2+deb11u5
2023-02-11 12:06:26 status unpacked libexpat1-dev:amd64 2.2.10-2+deb11u5
2023-02-11 12:06:26 install libjs-jquery:all <none> 3.5.1+dfsg+~3.5.5-7
2023-02-11 12:06:26 status half-installed libjs-jquery:all 3.5.1+dfsg+~3.5.5-7
2023-02-11 12:06:26 status unpacked libjs-jquery:all 3.5.1+dfsg+~3.5.5-7
2023-02-11 12:06:26 install libjs-underscore:all <none> 1.9.1~dfsg-3
2023-02-11 12:06:26 status half-installed libjs-underscore:all 1.9.1~dfsg-3
2023-02-11 12:06:26 status unpacked libjs-underscore:all 1.9.1~dfsg-3
2023-02-11 12:06:26 install libjs-sphinxdoc:all <none> 3.4.3-2
2023-02-11 12:06:26 status half-installed libjs-sphinxdoc:all 3.4.3-2
2023-02-11 12:06:26 status unpacked libjs-sphinxdoc:all 3.4.3-2
2023-02-11 12:06:26 install libpython3.9-dev:amd64 <none> 3.9.2-1
2023-02-11 12:06:26 status half-installed libpython3.9-dev:amd64 3.9.2-1
2023-02-11 12:06:27 status unpacked libpython3.9-dev:amd64 3.9.2-1
2023-02-11 12:06:27 install libpython3-dev:amd64 <none> 3.9.2-3
2023-02-11 12:06:27 status half-installed libpython3-dev:amd64 3.9.2-3
2023-02-11 12:06:27 status unpacked libpython3-dev:amd64 3.9.2-3
2023-02-11 12:06:27 install manpages-dev:all <none> 5.10-1
2023-02-11 12:06:27 status half-installed manpages-dev:all 5.10-1
2023-02-11 12:06:27 status unpacked manpages-dev:all 5.10-1
2023-02-11 12:06:28 install python-pip-whl:all <none> 20.3.4-4+deb11u1
2023-02-11 12:06:28 status half-installed python-pip-whl:all 20.3.4-4+deb11u1
2023-02-11 12:06:28 status unpacked python-pip-whl:all 20.3.4-4+deb11u1
2023-02-11 12:06:28 install zlib1g-dev:amd64 <none> 1:1.2.11.dfsg-2+deb11u2
2023-02-11 12:06:28 status half-installed zlib1g-dev:amd64 1:1.2.11.dfsg-2+deb11u2
2023-02-11 12:06:28 status unpacked zlib1g-dev:amd64 1:1.2.11.dfsg-2+deb11u2
2023-02-11 12:06:28 install python3.9-dev:amd64 <none> 3.9.2-1
2023-02-11 12:06:28 status half-installed python3.9-dev:amd64 3.9.2-1
2023-02-11 12:06:28 status unpacked python3.9-dev:amd64 3.9.2-1
2023-02-11 12:06:28 install python3-lib2to3:all <none> 3.9.2-1
2023-02-11 12:06:28 status half-installed python3-lib2to3:all 3.9.2-1
2023-02-11 12:06:28 status unpacked python3-lib2to3:all 3.9.2-1
2023-02-11 12:06:28 install python3-distutils:all <none> 3.9.2-1
2023-02-11 12:06:28 status half-installed python3-distutils:all 3.9.2-1
2023-02-11 12:06:28 status unpacked python3-distutils:all 3.9.2-1
2023-02-11 12:06:28 install python3-dev:amd64 <none> 3.9.2-3
2023-02-11 12:06:28 status half-installed python3-dev:amd64 3.9.2-3
2023-02-11 12:06:28 status unpacked python3-dev:amd64 3.9.2-3
2023-02-11 12:06:28 install python3-setuptools:all <none> 52.0.0-4
2023-02-11 12:06:28 status half-installed python3-setuptools:all 52.0.0-4
2023-02-11 12:06:28 status unpacked python3-setuptools:all 52.0.0-4
2023-02-11 12:06:28 install python3-wheel:all <none> 0.34.2-1
2023-02-11 12:06:28 status half-installed python3-wheel:all 0.34.2-1
2023-02-11 12:06:28 status unpacked python3-wheel:all 0.34.2-1
2023-02-11 12:06:29 install python3-pip:all <none> 20.3.4-4+deb11u1
2023-02-11 12:06:29 status half-installed python3-pip:all 20.3.4-4+deb11u1
2023-02-11 12:06:29 status unpacked python3-pip:all 20.3.4-4+deb11u1
2023-02-11 12:06:29 startup packages configure
2023-02-11 12:06:29 configure libalgorithm-diff-perl:all 1.201-1 <none>
2023-02-11 12:06:29 status unpacked libalgorithm-diff-perl:all 1.201-1
2023-02-11 12:06:29 status half-configured libalgorithm-diff-perl:all 1.201-1
2023-02-11 12:06:29 status installed libalgorithm-diff-perl:all 1.201-1
2023-02-11 12:06:29 configure manpages:all 5.10-1 <none>
2023-02-11 12:06:29 status unpacked manpages:all 5.10-1
2023-02-11 12:06:29 status half-configured manpages:all 5.10-1
2023-02-11 12:06:29 status installed manpages:all 5.10-1
2023-02-11 12:06:29 configure binutils-common:amd64 2.35.2-2 <none>
2023-02-11 12:06:29 status unpacked binutils-common:amd64 2.35.2-2
2023-02-11 12:06:29 status half-configured binutils-common:amd64 2.35.2-2
2023-02-11 12:06:29 status installed binutils-common:amd64 2.35.2-2
2023-02-11 12:06:29 configure linux-libc-dev:amd64 5.10.158-2 <none>
2023-02-11 12:06:29 status unpacked linux-libc-dev:amd64 5.10.158-2
2023-02-11 12:06:29 status half-configured linux-libc-dev:amd64 5.10.158-2
2023-02-11 12:06:29 status installed linux-libc-dev:amd64 5.10.158-2
2023-02-11 12:06:29 configure libctf-nobfd0:amd64 2.35.2-2 <none>
2023-02-11 12:06:29 status unpacked libctf-nobfd0:amd64 2.35.2-2
2023-02-11 12:06:29 status half-configured libctf-nobfd0:amd64 2.35.2-2
2023-02-11 12:06:29 status installed libctf-nobfd0:amd64 2.35.2-2
2023-02-11 12:06:29 configure python3-wheel:all 0.34.2-1 <none>
2023-02-11 12:06:29 status unpacked python3-wheel:all 0.34.2-1
2023-02-11 12:06:29 status half-configured python3-wheel:all 0.34.2-1
2023-02-11 12:06:29 status installed python3-wheel:all 0.34.2-1
2023-02-11 12:06:29 configure libfakeroot:amd64 1.25.3-1.1 <none>
2023-02-11 12:06:29 status unpacked libfakeroot:amd64 1.25.3-1.1
2023-02-11 12:06:29 status half-configured libfakeroot:amd64 1.25.3-1.1
2023-02-11 12:06:29 status installed libfakeroot:amd64 1.25.3-1.1
2023-02-11 12:06:29 configure libasan6:amd64 10.2.1-6 <none>
2023-02-11 12:06:29 status unpacked libasan6:amd64 10.2.1-6
2023-02-11 12:06:29 status half-configured libasan6:amd64 10.2.1-6
2023-02-11 12:06:29 status installed libasan6:amd64 10.2.1-6
2023-02-11 12:06:29 configure fakeroot:amd64 1.25.3-1.1 <none>
2023-02-11 12:06:29 status unpacked fakeroot:amd64 1.25.3-1.1
2023-02-11 12:06:29 status half-configured fakeroot:amd64 1.25.3-1.1
2023-02-11 12:06:29 status installed fakeroot:amd64 1.25.3-1.1
2023-02-11 12:06:29 configure libtirpc-dev:amd64 1.3.1-1+deb11u1 <none>
2023-02-11 12:06:29 status unpacked libtirpc-dev:amd64 1.3.1-1+deb11u1
2023-02-11 12:06:29 status half-configured libtirpc-dev:amd64 1.3.1-1+deb11u1
2023-02-11 12:06:29 status installed libtirpc-dev:amd64 1.3.1-1+deb11u1
2023-02-11 12:06:29 configure make:amd64 4.3-4.1 <none>
2023-02-11 12:06:29 status unpacked make:amd64 4.3-4.1
2023-02-11 12:06:29 status half-configured make:amd64 4.3-4.1
2023-02-11 12:06:29 status installed make:amd64 4.3-4.1
2023-02-11 12:06:29 configure libubsan1:amd64 10.2.1-6 <none>
2023-02-11 12:06:29 status unpacked libubsan1:amd64 10.2.1-6
2023-02-11 12:06:29 status half-configured libubsan1:amd64 10.2.1-6
2023-02-11 12:06:29 status installed libubsan1:amd64 10.2.1-6
2023-02-11 12:06:29 configure libnsl-dev:amd64 1.3.0-2 <none>
2023-02-11 12:06:29 status unpacked libnsl-dev:amd64 1.3.0-2
2023-02-11 12:06:29 status half-configured libnsl-dev:amd64 1.3.0-2
2023-02-11 12:06:29 status installed libnsl-dev:amd64 1.3.0-2
2023-02-11 12:06:29 configure libcrypt-dev:amd64 1:4.4.18-4 <none>
2023-02-11 12:06:29 status unpacked libcrypt-dev:amd64 1:4.4.18-4
2023-02-11 12:06:29 status half-configured libcrypt-dev:amd64 1:4.4.18-4
2023-02-11 12:06:29 status installed libcrypt-dev:amd64 1:4.4.18-4
2023-02-11 12:06:29 configure python-pip-whl:all 20.3.4-4+deb11u1 <none>
2023-02-11 12:06:29 status unpacked python-pip-whl:all 20.3.4-4+deb11u1
2023-02-11 12:06:29 status half-configured python-pip-whl:all 20.3.4-4+deb11u1
2023-02-11 12:06:29 status installed python-pip-whl:all 20.3.4-4+deb11u1
2023-02-11 12:06:29 configure libjs-jquery:all 3.5.1+dfsg+~3.5.5-7 <none>
2023-02-11 12:06:29 status unpacked libjs-jquery:all 3.5.1+dfsg+~3.5.5-7
2023-02-11 12:06:29 status half-configured libjs-jquery:all 3.5.1+dfsg+~3.5.5-7
2023-02-11 12:06:29 status installed libjs-jquery:all 3.5.1+dfsg+~3.5.5-7
2023-02-11 12:06:29 configure libbinutils:amd64 2.35.2-2 <none>
2023-02-11 12:06:29 status unpacked libbinutils:amd64 2.35.2-2
2023-02-11 12:06:29 status half-configured libbinutils:amd64 2.35.2-2
2023-02-11 12:06:29 status installed libbinutils:amd64 2.35.2-2
2023-02-11 12:06:29 configure libc-dev-bin:amd64 2.31-13+deb11u5 <none>
2023-02-11 12:06:29 status unpacked libc-dev-bin:amd64 2.31-13+deb11u5
2023-02-11 12:06:29 status half-configured libc-dev-bin:amd64 2.31-13+deb11u5
2023-02-11 12:06:29 status installed libc-dev-bin:amd64 2.31-13+deb11u5
2023-02-11 12:06:29 configure python3-lib2to3:all 3.9.2-1 <none>
2023-02-11 12:06:29 status unpacked python3-lib2to3:all 3.9.2-1
2023-02-11 12:06:29 status half-configured python3-lib2to3:all 3.9.2-1
2023-02-11 12:06:30 status installed python3-lib2to3:all 3.9.2-1
2023-02-11 12:06:30 configure libalgorithm-diff-xs-perl:amd64 0.04-6+b1 <none>
2023-02-11 12:06:30 status unpacked libalgorithm-diff-xs-perl:amd64 0.04-6+b1
2023-02-11 12:06:30 status half-configured libalgorithm-diff-xs-perl:amd64 0.04-6+b1
2023-02-11 12:06:30 status installed libalgorithm-diff-xs-perl:amd64 0.04-6+b1
2023-02-11 12:06:30 configure libcc1-0:amd64 10.2.1-6 <none>
2023-02-11 12:06:30 status unpacked libcc1-0:amd64 10.2.1-6
2023-02-11 12:06:30 status half-configured libcc1-0:amd64 10.2.1-6
2023-02-11 12:06:30 status installed libcc1-0:amd64 10.2.1-6
2023-02-11 12:06:30 configure liblsan0:amd64 10.2.1-6 <none>
2023-02-11 12:06:30 status unpacked liblsan0:amd64 10.2.1-6
2023-02-11 12:06:30 status half-configured liblsan0:amd64 10.2.1-6
2023-02-11 12:06:30 status installed liblsan0:amd64 10.2.1-6
2023-02-11 12:06:30 configure libitm1:amd64 10.2.1-6 <none>
2023-02-11 12:06:30 status unpacked libitm1:amd64 10.2.1-6
2023-02-11 12:06:30 status half-configured libitm1:amd64 10.2.1-6
2023-02-11 12:06:30 status installed libitm1:amd64 10.2.1-6
2023-02-11 12:06:30 configure libc-devtools:amd64 2.31-13+deb11u5 <none>
2023-02-11 12:06:30 status unpacked libc-devtools:amd64 2.31-13+deb11u5
2023-02-11 12:06:30 status half-configured libc-devtools:amd64 2.31-13+deb11u5
2023-02-11 12:06:30 status installed libc-devtools:amd64 2.31-13+deb11u5
2023-02-11 12:06:30 configure libjs-underscore:all 1.9.1~dfsg-3 <none>
2023-02-11 12:06:30 status unpacked libjs-underscore:all 1.9.1~dfsg-3
2023-02-11 12:06:30 status half-configured libjs-underscore:all 1.9.1~dfsg-3
2023-02-11 12:06:30 status installed libjs-underscore:all 1.9.1~dfsg-3
2023-02-11 12:06:30 configure libalgorithm-merge-perl:all 0.08-3 <none>
2023-02-11 12:06:30 status unpacked libalgorithm-merge-perl:all 0.08-3
2023-02-11 12:06:30 status half-configured libalgorithm-merge-perl:all 0.08-3
2023-02-11 12:06:30 status installed libalgorithm-merge-perl:all 0.08-3
2023-02-11 12:06:30 configure libtsan0:amd64 10.2.1-6 <none>
2023-02-11 12:06:30 status unpacked libtsan0:amd64 10.2.1-6
2023-02-11 12:06:30 status half-configured libtsan0:amd64 10.2.1-6
2023-02-11 12:06:30 status installed libtsan0:amd64 10.2.1-6
2023-02-11 12:06:30 configure libctf0:amd64 2.35.2-2 <none>
2023-02-11 12:06:30 status unpacked libctf0:amd64 2.35.2-2
2023-02-11 12:06:30 status half-configured libctf0:amd64 2.35.2-2
2023-02-11 12:06:30 status installed libctf0:amd64 2.35.2-2
2023-02-11 12:06:30 configure python3-distutils:all 3.9.2-1 <none>
2023-02-11 12:06:30 status unpacked python3-distutils:all 3.9.2-1
2023-02-11 12:06:30 status half-configured python3-distutils:all 3.9.2-1
2023-02-11 12:06:30 status installed python3-distutils:all 3.9.2-1
2023-02-11 12:06:30 configure manpages-dev:all 5.10-1 <none>
2023-02-11 12:06:30 status unpacked manpages-dev:all 5.10-1
2023-02-11 12:06:30 status half-configured manpages-dev:all 5.10-1
2023-02-11 12:06:30 status installed manpages-dev:all 5.10-1
2023-02-11 12:06:30 configure python3-setuptools:all 52.0.0-4 <none>
2023-02-11 12:06:30 status unpacked python3-setuptools:all 52.0.0-4
2023-02-11 12:06:30 status half-configured python3-setuptools:all 52.0.0-4
2023-02-11 12:06:30 status installed python3-setuptools:all 52.0.0-4
2023-02-11 12:06:30 configure libgcc-10-dev:amd64 10.2.1-6 <none>
2023-02-11 12:06:30 status unpacked libgcc-10-dev:amd64 10.2.1-6
2023-02-11 12:06:30 status half-configured libgcc-10-dev:amd64 10.2.1-6
2023-02-11 12:06:30 status installed libgcc-10-dev:amd64 10.2.1-6
2023-02-11 12:06:30 configure python3-pip:all 20.3.4-4+deb11u1 <none>
2023-02-11 12:06:30 status unpacked python3-pip:all 20.3.4-4+deb11u1
2023-02-11 12:06:30 status half-configured python3-pip:all 20.3.4-4+deb11u1
2023-02-11 12:06:31 status installed python3-pip:all 20.3.4-4+deb11u1
2023-02-11 12:06:31 configure libjs-sphinxdoc:all 3.4.3-2 <none>
2023-02-11 12:06:31 status unpacked libjs-sphinxdoc:all 3.4.3-2
2023-02-11 12:06:31 status half-configured libjs-sphinxdoc:all 3.4.3-2
2023-02-11 12:06:31 status installed libjs-sphinxdoc:all 3.4.3-2
2023-02-11 12:06:31 configure libc6-dev:amd64 2.31-13+deb11u5 <none>
2023-02-11 12:06:31 status unpacked libc6-dev:amd64 2.31-13+deb11u5
2023-02-11 12:06:31 status half-configured libc6-dev:amd64 2.31-13+deb11u5
2023-02-11 12:06:31 status installed libc6-dev:amd64 2.31-13+deb11u5
2023-02-11 12:06:31 configure binutils-x86-64-linux-gnu:amd64 2.35.2-2 <none>
2023-02-11 12:06:31 status unpacked binutils-x86-64-linux-gnu:amd64 2.35.2-2
2023-02-11 12:06:31 status half-configured binutils-x86-64-linux-gnu:amd64 2.35.2-2
2023-02-11 12:06:31 status installed binutils-x86-64-linux-gnu:amd64 2.35.2-2
2023-02-11 12:06:31 configure libstdc++-10-dev:amd64 10.2.1-6 <none>
2023-02-11 12:06:31 status unpacked libstdc++-10-dev:amd64 10.2.1-6
2023-02-11 12:06:31 status half-configured libstdc++-10-dev:amd64 10.2.1-6
2023-02-11 12:06:31 status installed libstdc++-10-dev:amd64 10.2.1-6
2023-02-11 12:06:31 configure binutils:amd64 2.35.2-2 <none>
2023-02-11 12:06:31 status unpacked binutils:amd64 2.35.2-2
2023-02-11 12:06:31 status half-configured binutils:amd64 2.35.2-2
2023-02-11 12:06:31 status installed binutils:amd64 2.35.2-2
2023-02-11 12:06:31 configure dpkg-dev:all 1.20.12 <none>
2023-02-11 12:06:31 status unpacked dpkg-dev:all 1.20.12
2023-02-11 12:06:31 status half-configured dpkg-dev:all 1.20.12
2023-02-11 12:06:31 status installed dpkg-dev:all 1.20.12
2023-02-11 12:06:31 configure libexpat1-dev:amd64 2.2.10-2+deb11u5 <none>
2023-02-11 12:06:31 status unpacked libexpat1-dev:amd64 2.2.10-2+deb11u5
2023-02-11 12:06:31 status half-configured libexpat1-dev:amd64 2.2.10-2+deb11u5
2023-02-11 12:06:31 status installed libexpat1-dev:amd64 2.2.10-2+deb11u5
2023-02-11 12:06:31 configure gcc-10:amd64 10.2.1-6 <none>
2023-02-11 12:06:31 status unpacked gcc-10:amd64 10.2.1-6
2023-02-11 12:06:31 status half-configured gcc-10:amd64 10.2.1-6
2023-02-11 12:06:31 status installed gcc-10:amd64 10.2.1-6
2023-02-11 12:06:31 configure zlib1g-dev:amd64 1:1.2.11.dfsg-2+deb11u2 <none>
2023-02-11 12:06:31 status unpacked zlib1g-dev:amd64 1:1.2.11.dfsg-2+deb11u2
2023-02-11 12:06:31 status half-configured zlib1g-dev:amd64 1:1.2.11.dfsg-2+deb11u2
2023-02-11 12:06:31 status installed zlib1g-dev:amd64 1:1.2.11.dfsg-2+deb11u2
2023-02-11 12:06:31 configure g++-10:amd64 10.2.1-6 <none>
2023-02-11 12:06:31 status unpacked g++-10:amd64 10.2.1-6
2023-02-11 12:06:31 status half-configured g++-10:amd64 10.2.1-6
2023-02-11 12:06:31 status installed g++-10:amd64 10.2.1-6
2023-02-11 12:06:31 configure libpython3.9-dev:amd64 3.9.2-1 <none>
2023-02-11 12:06:31 status unpacked libpython3.9-dev:amd64 3.9.2-1
2023-02-11 12:06:31 status half-configured libpython3.9-dev:amd64 3.9.2-1
2023-02-11 12:06:31 status installed libpython3.9-dev:amd64 3.9.2-1
2023-02-11 12:06:31 configure gcc:amd64 4:10.2.1-1 <none>
2023-02-11 12:06:31 status unpacked gcc:amd64 4:10.2.1-1
2023-02-11 12:06:31 status half-configured gcc:amd64 4:10.2.1-1
2023-02-11 12:06:31 status installed gcc:amd64 4:10.2.1-1
2023-02-11 12:06:31 configure g++:amd64 4:10.2.1-1 <none>
2023-02-11 12:06:31 status unpacked g++:amd64 4:10.2.1-1
2023-02-11 12:06:31 status half-configured g++:amd64 4:10.2.1-1
2023-02-11 12:06:31 status installed g++:amd64 4:10.2.1-1
2023-02-11 12:06:31 configure python3.9-dev:amd64 3.9.2-1 <none>
2023-02-11 12:06:31 status unpacked python3.9-dev:amd64 3.9.2-1
2023-02-11 12:06:31 status half-configured python3.9-dev:amd64 3.9.2-1
2023-02-11 12:06:31 status installed python3.9-dev:amd64 3.9.2-1
2023-02-11 12:06:31 configure build-essential:amd64 12.9 <none>
2023-02-11 12:06:31 status unpacked build-essential:amd64 12.9
2023-02-11 12:06:31 status half-configured build-essential:amd64 12.9
2023-02-11 12:06:31 status installed build-essential:amd64 12.9
2023-02-11 12:06:31 configure libpython3-dev:amd64 3.9.2-3 <none>
2023-02-11 12:06:31 status unpacked libpython3-dev:amd64 3.9.2-3
2023-02-11 12:06:31 status half-configured libpython3-dev:amd64 3.9.2-3
2023-02-11 12:06:31 status installed libpython3-dev:amd64 3.9.2-3
2023-02-11 12:06:31 configure python3-dev:amd64 3.9.2-3 <none>
2023-02-11 12:06:31 status unpacked python3-dev:amd64 3.9.2-3
2023-02-11 12:06:31 status half-configured python3-dev:amd64 3.9.2-3
2023-02-11 12:06:31 status installed python3-dev:amd64 3.9.2-3
2023-02-11 12:06:31 trigproc man-db:amd64 2.9.4-2 <none>
2023-02-11 12:06:31 status half-configured man-db:amd64 2.9.4-2
2023-02-11 12:06:45 status installed man-db:amd64 2.9.4-2
2023-02-11 12:06:45 trigproc libc-bin:amd64 2.31-13+deb11u5 <none>
2023-02-11 12:06:45 status half-configured libc-bin:amd64 2.31-13+deb11u5
2023-02-11 12:06:46 status installed libc-bin:amd64 2.31-13+deb11u5
2023-02-11 12:07:54 startup archives unpack
2023-02-11 12:07:54 install direnv:amd64 <none> 2.25.2-2
2023-02-11 12:07:54 status half-installed direnv:amd64 2.25.2-2
2023-02-11 12:07:54 status triggers-pending man-db:amd64 2.9.4-2
2023-02-11 12:07:54 status unpacked direnv:amd64 2.25.2-2
2023-02-11 12:07:54 startup packages configure
2023-02-11 12:07:54 configure direnv:amd64 2.25.2-2 <none>
2023-02-11 12:07:54 status unpacked direnv:amd64 2.25.2-2
2023-02-11 12:07:54 status half-configured direnv:amd64 2.25.2-2
2023-02-11 12:07:54 status installed direnv:amd64 2.25.2-2
2023-02-11 12:07:55 trigproc man-db:amd64 2.9.4-2 <none>
2023-02-11 12:07:55 status half-configured man-db:amd64 2.9.4-2
2023-02-11 12:07:55 status installed man-db:amd64 2.9.4-2
2023-02-11 12:08:41 startup archives unpack
2023-02-11 12:08:41 install libtcl8.6:amd64 <none> 8.6.11+dfsg-1
2023-02-11 12:08:41 status triggers-pending libc-bin:amd64 2.31-13+deb11u5
2023-02-11 12:08:41 status half-installed libtcl8.6:amd64 8.6.11+dfsg-1
2023-02-11 12:08:41 status unpacked libtcl8.6:amd64 8.6.11+dfsg-1
2023-02-11 12:08:41 install libtk8.6:amd64 <none> 8.6.11-2
2023-02-11 12:08:41 status half-installed libtk8.6:amd64 8.6.11-2
2023-02-11 12:08:41 status unpacked libtk8.6:amd64 8.6.11-2
2023-02-11 12:08:42 install tcl8.6:amd64 <none> 8.6.11+dfsg-1
2023-02-11 12:08:42 status half-installed tcl8.6:amd64 8.6.11+dfsg-1
2023-02-11 12:08:42 status triggers-pending man-db:amd64 2.9.4-2
2023-02-11 12:08:42 status unpacked tcl8.6:amd64 8.6.11+dfsg-1
2023-02-11 12:08:42 install tcl:amd64 <none> 8.6.11+1
2023-02-11 12:08:42 status half-installed tcl:amd64 8.6.11+1
2023-02-11 12:08:42 status unpacked tcl:amd64 8.6.11+1
2023-02-11 12:08:42 install tk8.6:amd64 <none> 8.6.11-2
2023-02-11 12:08:42 status half-installed tk8.6:amd64 8.6.11-2
2023-02-11 12:08:42 status unpacked tk8.6:amd64 8.6.11-2
2023-02-11 12:08:42 install tk:amd64 <none> 8.6.11+1
2023-02-11 12:08:42 status half-installed tk:amd64 8.6.11+1
2023-02-11 12:08:42 status unpacked tk:amd64 8.6.11+1
2023-02-11 12:08:42 startup packages configure
2023-02-11 12:08:42 configure libtcl8.6:amd64 8.6.11+dfsg-1 <none>
2023-02-11 12:08:42 status unpacked libtcl8.6:amd64 8.6.11+dfsg-1
2023-02-11 12:08:42 status half-configured libtcl8.6:amd64 8.6.11+dfsg-1
2023-02-11 12:08:42 status installed libtcl8.6:amd64 8.6.11+dfsg-1
2023-02-11 12:08:42 configure tcl8.6:amd64 8.6.11+dfsg-1 <none>
2023-02-11 12:08:42 status unpacked tcl8.6:amd64 8.6.11+dfsg-1
2023-02-11 12:08:42 status half-configured tcl8.6:amd64 8.6.11+dfsg-1
2023-02-11 12:08:42 status installed tcl8.6:amd64 8.6.11+dfsg-1
2023-02-11 12:08:42 configure libtk8.6:amd64 8.6.11-2 <none>
2023-02-11 12:08:42 status unpacked libtk8.6:amd64 8.6.11-2
2023-02-11 12:08:42 status half-configured libtk8.6:amd64 8.6.11-2
2023-02-11 12:08:42 status installed libtk8.6:amd64 8.6.11-2
2023-02-11 12:08:42 configure tcl:amd64 8.6.11+1 <none>
2023-02-11 12:08:42 status unpacked tcl:amd64 8.6.11+1
2023-02-11 12:08:42 status half-configured tcl:amd64 8.6.11+1
2023-02-11 12:08:42 status installed tcl:amd64 8.6.11+1
2023-02-11 12:08:42 configure tk8.6:amd64 8.6.11-2 <none>
2023-02-11 12:08:42 status unpacked tk8.6:amd64 8.6.11-2
2023-02-11 12:08:42 status half-configured tk8.6:amd64 8.6.11-2
2023-02-11 12:08:42 status installed tk8.6:amd64 8.6.11-2
2023-02-11 12:08:42 configure tk:amd64 8.6.11+1 <none>
2023-02-11 12:08:42 status unpacked tk:amd64 8.6.11+1
2023-02-11 12:08:42 status half-configured tk:amd64 8.6.11+1
2023-02-11 12:08:42 status installed tk:amd64 8.6.11+1
2023-02-11 12:08:42 trigproc man-db:amd64 2.9.4-2 <none>
2023-02-11 12:08:42 status half-configured man-db:amd64 2.9.4-2
2023-02-11 12:08:43 status installed man-db:amd64 2.9.4-2
2023-02-11 12:08:43 trigproc libc-bin:amd64 2.31-13+deb11u5 <none>
2023-02-11 12:08:43 status half-configured libc-bin:amd64 2.31-13+deb11u5
2023-02-11 12:08:43 status installed libc-bin:amd64 2.31-13+deb11u5
2023-02-11 12:12:00 startup archives unpack
2023-02-11 12:12:00 install mailcap:all <none> 3.69
2023-02-11 12:12:00 status half-installed mailcap:all 3.69
2023-02-11 12:12:00 status triggers-pending man-db:amd64 2.9.4-2
2023-02-11 12:12:00 status unpacked mailcap:all 3.69
2023-02-11 12:12:00 install mime-support:all <none> 3.66
2023-02-11 12:12:00 status half-installed mime-support:all 3.66
2023-02-11 12:12:00 status unpacked mime-support:all 3.66
2023-02-11 12:12:00 install libimagequant0:amd64 <none> 2.12.2-1.1
2023-02-11 12:12:00 status triggers-pending libc-bin:amd64 2.31-13+deb11u5
2023-02-11 12:12:00 status half-installed libimagequant0:amd64 2.12.2-1.1
2023-02-11 12:12:00 status unpacked libimagequant0:amd64 2.12.2-1.1
2023-02-11 12:12:00 install python3-olefile:all <none> 0.46-3
2023-02-11 12:12:00 status half-installed python3-olefile:all 0.46-3
2023-02-11 12:12:00 status unpacked python3-olefile:all 0.46-3
2023-02-11 12:12:00 install python3-pil:amd64 <none> 8.1.2+dfsg-0.3+deb11u1
2023-02-11 12:12:00 status half-installed python3-pil:amd64 8.1.2+dfsg-0.3+deb11u1
2023-02-11 12:12:00 status unpacked python3-pil:amd64 8.1.2+dfsg-0.3+deb11u1
2023-02-11 12:12:01 startup packages configure
2023-02-11 12:12:01 configure python3-olefile:all 0.46-3 <none>
2023-02-11 12:12:01 status unpacked python3-olefile:all 0.46-3
2023-02-11 12:12:01 status half-configured python3-olefile:all 0.46-3
2023-02-11 12:12:01 status installed python3-olefile:all 0.46-3
2023-02-11 12:12:01 configure libimagequant0:amd64 2.12.2-1.1 <none>
2023-02-11 12:12:01 status unpacked libimagequant0:amd64 2.12.2-1.1
2023-02-11 12:12:01 status half-configured libimagequant0:amd64 2.12.2-1.1
2023-02-11 12:12:01 status installed libimagequant0:amd64 2.12.2-1.1
2023-02-11 12:12:01 configure mailcap:all 3.69 <none>
2023-02-11 12:12:01 status unpacked mailcap:all 3.69
2023-02-11 12:12:01 status half-configured mailcap:all 3.69
2023-02-11 12:12:01 status installed mailcap:all 3.69
2023-02-11 12:12:01 configure mime-support:all 3.66 <none>
2023-02-11 12:12:01 status unpacked mime-support:all 3.66
2023-02-11 12:12:01 status half-configured mime-support:all 3.66
2023-02-11 12:12:01 status installed mime-support:all 3.66
2023-02-11 12:12:01 configure python3-pil:amd64 8.1.2+dfsg-0.3+deb11u1 <none>
2023-02-11 12:12:01 status unpacked python3-pil:amd64 8.1.2+dfsg-0.3+deb11u1
2023-02-11 12:12:01 status half-configured python3-pil:amd64 8.1.2+dfsg-0.3+deb11u1
2023-02-11 12:12:01 status installed python3-pil:amd64 8.1.2+dfsg-0.3+deb11u1
2023-02-11 12:12:01 trigproc man-db:amd64 2.9.4-2 <none>
2023-02-11 12:12:01 status half-configured man-db:amd64 2.9.4-2
2023-02-11 12:12:02 status installed man-db:amd64 2.9.4-2
2023-02-11 12:12:02 trigproc libc-bin:amd64 2.31-13+deb11u5 <none>
2023-02-11 12:12:02 status half-configured libc-bin:amd64 2.31-13+deb11u5
2023-02-11 12:12:02 status installed libc-bin:amd64 2.31-13+deb11u5
2023-02-11 12:13:18 startup archives unpack
2023-02-11 12:13:18 install tk8.6-blt2.5:amd64 <none> 2.5.3+dfsg-4.1
2023-02-11 12:13:18 status triggers-pending libc-bin:amd64 2.31-13+deb11u5
2023-02-11 12:13:18 status half-installed tk8.6-blt2.5:amd64 2.5.3+dfsg-4.1
2023-02-11 12:13:18 status unpacked tk8.6-blt2.5:amd64 2.5.3+dfsg-4.1
2023-02-11 12:13:18 install blt:amd64 <none> 2.5.3+dfsg-4.1
2023-02-11 12:13:18 status half-installed blt:amd64 2.5.3+dfsg-4.1
2023-02-11 12:13:18 status unpacked blt:amd64 2.5.3+dfsg-4.1
2023-02-11 12:13:18 install python3-tk:amd64 <none> 3.9.2-1
2023-02-11 12:13:18 status half-installed python3-tk:amd64 3.9.2-1
2023-02-11 12:13:19 status unpacked python3-tk:amd64 3.9.2-1
2023-02-11 12:13:19 startup packages configure
2023-02-11 12:13:19 configure tk8.6-blt2.5:amd64 2.5.3+dfsg-4.1 <none>
2023-02-11 12:13:19 status unpacked tk8.6-blt2.5:amd64 2.5.3+dfsg-4.1
2023-02-11 12:13:19 status half-configured tk8.6-blt2.5:amd64 2.5.3+dfsg-4.1
2023-02-11 12:13:19 status installed tk8.6-blt2.5:amd64 2.5.3+dfsg-4.1
2023-02-11 12:13:19 configure blt:amd64 2.5.3+dfsg-4.1 <none>
2023-02-11 12:13:19 status unpacked blt:amd64 2.5.3+dfsg-4.1
2023-02-11 12:13:19 status half-configured blt:amd64 2.5.3+dfsg-4.1
2023-02-11 12:13:19 status installed blt:amd64 2.5.3+dfsg-4.1
2023-02-11 12:13:19 configure python3-tk:amd64 3.9.2-1 <none>
2023-02-11 12:13:19 status unpacked python3-tk:amd64 3.9.2-1
2023-02-11 12:13:19 status half-configured python3-tk:amd64 3.9.2-1
2023-02-11 12:13:19 status installed python3-tk:amd64 3.9.2-1
2023-02-11 12:13:19 trigproc libc-bin:amd64 2.31-13+deb11u5 <none>
2023-02-11 12:13:19 status half-configured libc-bin:amd64 2.31-13+deb11u5
2023-02-11 12:13:19 status installed libc-bin:amd64 2.31-13+deb11u5
2023-02-11 13:02:11 startup archives unpack
2023-02-11 13:02:11 install libnotify-bin:amd64 <none> 0.7.9-3
2023-02-11 13:02:11 status half-installed libnotify-bin:amd64 0.7.9-3
2023-02-11 13:02:11 status triggers-pending man-db:amd64 2.9.4-2
2023-02-11 13:02:11 status unpacked libnotify-bin:amd64 0.7.9-3
2023-02-11 13:02:11 startup packages configure
2023-02-11 13:02:11 configure libnotify-bin:amd64 0.7.9-3 <none>
2023-02-11 13:02:11 status unpacked libnotify-bin:amd64 0.7.9-3
2023-02-11 13:02:11 status half-configured libnotify-bin:amd64 0.7.9-3
2023-02-11 13:02:11 status installed libnotify-bin:amd64 0.7.9-3
2023-02-11 13:02:11 trigproc man-db:amd64 2.9.4-2 <none>
2023-02-11 13:02:11 status half-configured man-db:amd64 2.9.4-2
2023-02-11 13:02:11 status installed man-db:amd64 2.9.4-2
